<?xml version="1.0" encoding="UTF-8"?>
<testng-results skipped="0" failed="0" total="1" passed="1">
  <reporter-output>
  </reporter-output>
  <suite name="Default suite" duration-ms="52327" started-at="2021-11-01T06:58:42Z" finished-at="2021-11-01T06:59:35Z">
    <groups>
    </groups>
    <test name="Default test" duration-ms="52327" started-at="2021-11-01T06:58:42Z" finished-at="2021-11-01T06:59:35Z">
      <class name="functionality.TimeSheetFunctionalityCS">
        <test-method status="PASS" signature="functions()[pri:0, instance:functionality.TimeSheetFunctionalityCS@6e1567f1]" name="functions" duration-ms="52310" started-at="2021-11-01T12:28:42Z" finished-at="2021-11-01T12:29:35Z">
          <reporter-output>
          </reporter-output>
        </test-method> <!-- functions -->
      </class> <!-- functionality.TimeSheetFunctionalityCS -->
    </test> <!-- Default test -->
  </suite> <!-- Default suite -->
</testng-results>
